('placeHolder1 ', 100000000000000.0)
('placeHolder2 ', 100000000000001.0)
('placeHolder3 ', 100000000000002.0)
('placeHolder4 ', 100000000000003.0)
('placeHolder5 ', 100000000000004.0)
('placeHolder6 ', 100000000000005.0)
('placeHolder7 ', 100000000000006.0)
('placeHolder8 ', 100000000000007.0)
('placeHolder9 ', 100000000000008.0)
('placeHolder10 ', 100000000000009.0)
('placeHolder1 ', 100000000000000.0)
('placeHolder2 ', 100000000000001.0)
('placeHolder3 ', 100000000000002.0)
('placeHolder4 ', 100000000000003.0)
('placeHolder5 ', 100000000000004.0)
('placeHolder6 ', 100000000000005.0)
('placeHolder7 ', 100000000000006.0)
('placeHolder8 ', 100000000000007.0)
('placeHolder9 ', 100000000000008.0)
('placeHolder10 ', 100000000000009.0)
('placeHolder1 ', 100000000000000.0)
('placeHolder2 ', 100000000000001.0)
('placeHolder3 ', 100000000000002.0)
('placeHolder4 ', 100000000000003.0)
('placeHolder5 ', 100000000000004.0)
('placeHolder6 ', 100000000000005.0)
('placeHolder7 ', 100000000000006.0)
('placeHolder8 ', 100000000000007.0)
('placeHolder9 ', 100000000000008.0)
('placeHolder10 ', 100000000000009.0)
('placeHolder1 ', 100000000000000.0)
('placeHolder2 ', 100000000000001.0)
('placeHolder3 ', 100000000000002.0)
('placeHolder4 ', 100000000000003.0)
('placeHolder5 ', 100000000000004.0)
('placeHolder6 ', 100000000000005.0)
('placeHolder7 ', 100000000000006.0)
('placeHolder8 ', 100000000000007.0)
('placeHolder9 ', 100000000000008.0)
('placeHolder10 ', 100000000000009.0)
('placeHolder1 ', 100000000000000.0)
('placeHolder2 ', 100000000000001.0)
('placeHolder3 ', 100000000000002.0)
('placeHolder4 ', 100000000000003.0)
('placeHolder5 ', 100000000000004.0)
('placeHolder6 ', 100000000000005.0)
('placeHolder7 ', 100000000000006.0)
('placeHolder8 ', 100000000000007.0)
('placeHolder9 ', 100000000000008.0)
('placeHolder10 ', 100000000000009.0)
('placeHolder1 ', 100000000000000.0)
('placeHolder2 ', 100000000000001.0)
('placeHolder3 ', 100000000000002.0)
('placeHolder4 ', 100000000000003.0)
('placeHolder5 ', 100000000000004.0)
('placeHolder6 ', 100000000000005.0)
('placeHolder7 ', 100000000000006.0)
('placeHolder8 ', 100000000000007.0)
('placeHolder9 ', 100000000000008.0)
('placeHolder10 ', 100000000000009.0)
('placeHolder1 ', 100000000000000.0)
('placeHolder2 ', 100000000000001.0)
('placeHolder3 ', 100000000000002.0)
('placeHolder4 ', 100000000000003.0)
('placeHolder5 ', 100000000000004.0)
('placeHolder6 ', 100000000000005.0)
('placeHolder7 ', 100000000000006.0)
('placeHolder8 ', 100000000000007.0)
('placeHolder9 ', 100000000000008.0)
('placeHolder10 ', 100000000000009.0)
('placeHolder1 ', 100000000000000.0)
('placeHolder2 ', 100000000000001.0)
('placeHolder3 ', 100000000000002.0)
('placeHolder4 ', 100000000000003.0)
('placeHolder5 ', 100000000000004.0)
('placeHolder6 ', 100000000000005.0)
('placeHolder7 ', 100000000000006.0)
('placeHolder8 ', 100000000000007.0)
('placeHolder9 ', 100000000000008.0)
('placeHolder10 ', 100000000000009.0)
('placeHolder1 ', 100000000000000.0)
('placeHolder2 ', 100000000000001.0)
('placeHolder3 ', 100000000000002.0)
('placeHolder4 ', 100000000000003.0)
('placeHolder5 ', 100000000000004.0)
('placeHolder6 ', 100000000000005.0)
('placeHolder7 ', 100000000000006.0)
('placeHolder8 ', 100000000000007.0)
('placeHolder9 ', 100000000000008.0)
('placeHolder10 ', 100000000000009.0)
('placeHolder1 ', 100000000000000.0)
('placeHolder2 ', 100000000000001.0)
('placeHolder3 ', 100000000000002.0)
('placeHolder4 ', 100000000000003.0)
('placeHolder5 ', 100000000000004.0)
('placeHolder6 ', 100000000000005.0)
('placeHolder7 ', 100000000000006.0)
('placeHolder8 ', 100000000000007.0)
('placeHolder9 ', 100000000000008.0)
('placeHolder10 ', 100000000000009.0)
('placeHolder1 ', 100000000000000.0)
('placeHolder2 ', 100000000000001.0)
('placeHolder3 ', 100000000000002.0)
('placeHolder4 ', 100000000000003.0)
('placeHolder5 ', 100000000000004.0)
('placeHolder6 ', 100000000000005.0)
('placeHolder7 ', 100000000000006.0)
('placeHolder8 ', 100000000000007.0)
('placeHolder9 ', 100000000000008.0)
('placeHolder10 ', 100000000000009.0)
('placeHolder1 ', 100000000000000.0)
('placeHolder2 ', 100000000000001.0)
('placeHolder3 ', 100000000000002.0)
('placeHolder4 ', 100000000000003.0)
('placeHolder5 ', 100000000000004.0)
('placeHolder6 ', 100000000000005.0)
('placeHolder7 ', 100000000000006.0)
('placeHolder8 ', 100000000000007.0)
('placeHolder9 ', 100000000000008.0)
('placeHolder10 ', 100000000000009.0)
('placeHolder1 ', 100000000000000.0)
('placeHolder2 ', 100000000000001.0)
('placeHolder3 ', 100000000000002.0)
('placeHolder4 ', 100000000000003.0)
('placeHolder5 ', 100000000000004.0)
('placeHolder6 ', 100000000000005.0)
('placeHolder7 ', 100000000000006.0)
('placeHolder8 ', 100000000000007.0)
('placeHolder9 ', 100000000000008.0)
('placeHolder10 ', 100000000000009.0)
('placeHolder1 ', 100000000000000.0)
('placeHolder2 ', 100000000000001.0)
('placeHolder3 ', 100000000000002.0)
('placeHolder4 ', 100000000000003.0)
('placeHolder5 ', 100000000000004.0)
('placeHolder6 ', 100000000000005.0)
('placeHolder7 ', 100000000000006.0)
('placeHolder8 ', 100000000000007.0)
('placeHolder9 ', 100000000000008.0)
('placeHolder10 ', 100000000000009.0)
('placeHolder1 ', 100000000000000.0)
('placeHolder2 ', 100000000000001.0)
('placeHolder3 ', 100000000000002.0)
('placeHolder4 ', 100000000000003.0)
('placeHolder5 ', 100000000000004.0)
('placeHolder6 ', 100000000000005.0)
('placeHolder7 ', 100000000000006.0)
('placeHolder8 ', 100000000000007.0)
('placeHolder9 ', 100000000000008.0)
('placeHolder10 ', 100000000000009.0)
('placeHolder1 ', 100000000000000.0)
('placeHolder2 ', 100000000000001.0)
('placeHolder3 ', 100000000000002.0)
('placeHolder4 ', 100000000000003.0)
('placeHolder5 ', 100000000000004.0)
('placeHolder6 ', 100000000000005.0)
('placeHolder7 ', 100000000000006.0)
('placeHolder8 ', 100000000000007.0)
('placeHolder9 ', 100000000000008.0)
('placeHolder10 ', 100000000000009.0)
('placeHolder1 ', 100000000000000.0)
('placeHolder2 ', 100000000000001.0)
('placeHolder3 ', 100000000000002.0)
('placeHolder4 ', 100000000000003.0)
('placeHolder5 ', 100000000000004.0)
('placeHolder6 ', 100000000000005.0)
('placeHolder7 ', 100000000000006.0)
('placeHolder8 ', 100000000000007.0)
('placeHolder9 ', 100000000000008.0)
('placeHolder10 ', 100000000000009.0)
('Jay test 1 ', 31.55126428604126)
('placeHolder1 ', 100000000000000.0)
('placeHolder2 ', 100000000000001.0)
('placeHolder3 ', 100000000000002.0)
('placeHolder4 ', 100000000000003.0)
('placeHolder5 ', 100000000000004.0)
('placeHolder6 ', 100000000000005.0)
('placeHolder7 ', 100000000000006.0)
('placeHolder8 ', 100000000000007.0)
('placeHolder9 ', 100000000000008.0)
('placeHolder10 ', 100000000000009.0)
('Jay test 1 ', 31.55126428604126)
('test2 ', 82.72078156471252)
('placeHolder1 ', 100000000000000.0)
('placeHolder2 ', 100000000000001.0)
('placeHolder3 ', 100000000000002.0)
('placeHolder4 ', 100000000000003.0)
('placeHolder5 ', 100000000000004.0)
('placeHolder6 ', 100000000000005.0)
('placeHolder7 ', 100000000000006.0)
('placeHolder8 ', 100000000000007.0)
('placeHolder9 ', 100000000000008.0)
('placeHolder10 ', 100000000000009.0)
('Jay test 1 ', 31.55126428604126)
('Reset invalid list test ', 32.28529715538025)
('test2 ', 82.72078156471252)
('placeHolder1 ', 100000000000000.0)
('placeHolder2 ', 100000000000001.0)
('placeHolder3 ', 100000000000002.0)
('placeHolder4 ', 100000000000003.0)
('placeHolder5 ', 100000000000004.0)
('placeHolder6 ', 100000000000005.0)
('placeHolder7 ', 100000000000006.0)
('placeHolder8 ', 100000000000007.0)
('placeHolder9 ', 100000000000008.0)
('placeHolder10 ', 100000000000009.0)
('sdfasf ', 10.967121124267578)
('Jay test 1 ', 31.55126428604126)
('Reset invalid list test ', 32.28529715538025)
('blah ', 62.24410367012024)
('test2 ', 82.72078156471252)
('placeHolder1 ', 100000000000000.0)
('placeHolder2 ', 100000000000001.0)
('placeHolder3 ', 100000000000002.0)
('placeHolder4 ', 100000000000003.0)
('placeHolder5 ', 100000000000004.0)
('placeHolder6 ', 100000000000005.0)
('placeHolder7 ', 100000000000006.0)
('placeHolder8 ', 100000000000007.0)
('placeHolder9 ', 100000000000008.0)
('placeHolder10 ', 100000000000009.0)
('sfsafsdfs ', 4.660448789596558)
('fgfg ', 4.817985534667969)
('fsdafgfv ', 4.83856463432312)
('fhgk ', 4.99500846862793)
('poik ', 6.187128067016602)
('li ', 7.58843731880188)
('cvb ', 7.778068780899048)
('sdfasf ', 10.967121124267578)
('wwwwwwww ', 29.160558223724365)
('vaavavav ', 30.543579578399658)
('Jay test 1 ', 31.55126428604126)
('Reset invalid list test ', 32.28529715538025)
('blah ', 62.24410367012024)
('fixy test ', 65.07857131958008)
('test2 ', 82.72078156471252)
('placeHolder1 ', 100000000000000.0)
('placeHolder2 ', 100000000000001.0)
('placeHolder3 ', 100000000000002.0)
('placeHolder4 ', 100000000000003.0)
('placeHolder5 ', 100000000000004.0)
('placeHolder6 ', 100000000000005.0)
('placeHolder7 ', 100000000000006.0)
('placeHolder8 ', 100000000000007.0)
('placeHolder9 ', 100000000000008.0)
('placeHolder10 ', 100000000000009.0)
('sfsafsdfs ', 4.660448789596558)
('fgfg ', 4.817985534667969)
('fsdafgfv ', 4.83856463432312)
('fhgk ', 4.99500846862793)
('poik ', 6.187128067016602)
('li ', 7.58843731880188)
('cvb ', 7.778068780899048)
('sdfasf ', 10.967121124267578)
('wwwwwwww ', 29.160558223724365)
('vaavavav ', 30.543579578399658)
('Jay test 1 ', 31.55126428604126)
('Reset invalid list test ', 32.28529715538025)
('blah ', 62.24410367012024)
('fixy test ', 65.07857131958008)
('test2 ', 82.72078156471252)
('placeHolder1 ', 100000000000000.0)
('placeHolder2 ', 100000000000001.0)
('placeHolder3 ', 100000000000002.0)
('placeHolder4 ', 100000000000003.0)
('placeHolder5 ', 100000000000004.0)
('placeHolder6 ', 100000000000005.0)
('placeHolder7 ', 100000000000006.0)
('placeHolder8 ', 100000000000007.0)
('placeHolder9 ', 100000000000008.0)
('placeHolder10 ', 100000000000009.0)
('sfsafsdfs ', 4.660448789596558)
('fgfg ', 4.817985534667969)
('fsdafgfv ', 4.83856463432312)
('fhgk ', 4.99500846862793)
('poik ', 6.187128067016602)
('li ', 7.58843731880188)
('cvb ', 7.778068780899048)
('sdfasf ', 10.967121124267578)
('wwwwwwww ', 29.160558223724365)
('vaavavav ', 30.543579578399658)
('Jay test 1 ', 31.55126428604126)
('Reset invalid list test ', 32.28529715538025)
('blah ', 62.24410367012024)
('fixy test ', 65.07857131958008)
('test2 ', 82.72078156471252)
('placeHolder1 ', 100000000000000.0)
('placeHolder2 ', 100000000000001.0)
('placeHolder3 ', 100000000000002.0)
('placeHolder4 ', 100000000000003.0)
('placeHolder5 ', 100000000000004.0)
('placeHolder6 ', 100000000000005.0)
('placeHolder7 ', 100000000000006.0)
('placeHolder8 ', 100000000000007.0)
('placeHolder9 ', 100000000000008.0)
('placeHolder10 ', 100000000000009.0)
('placeHolder1 ', 100000000000000.0)
('placeHolder2 ', 100000000000001.0)
('placeHolder3 ', 100000000000002.0)
('placeHolder4 ', 100000000000003.0)
('placeHolder5 ', 100000000000004.0)
('placeHolder6 ', 100000000000005.0)
('placeHolder7 ', 100000000000006.0)
('placeHolder8 ', 100000000000007.0)
('placeHolder9 ', 100000000000008.0)
('placeHolder10 ', 100000000000009.0)
('placeHolder1 ', 100000000000000.0)
('placeHolder2 ', 100000000000001.0)
('placeHolder3 ', 100000000000002.0)
('placeHolder4 ', 100000000000003.0)
('placeHolder5 ', 100000000000004.0)
('placeHolder6 ', 100000000000005.0)
('placeHolder7 ', 100000000000006.0)
('placeHolder8 ', 100000000000007.0)
('placeHolder9 ', 100000000000008.0)
('placeHolder10 ', 100000000000009.0)
('placeHolder1 ', 100000000000000.0)
('placeHolder2 ', 100000000000001.0)
('placeHolder3 ', 100000000000002.0)
('placeHolder4 ', 100000000000003.0)
('placeHolder5 ', 100000000000004.0)
('placeHolder6 ', 100000000000005.0)
('placeHolder7 ', 100000000000006.0)
('placeHolder8 ', 100000000000007.0)
('placeHolder9 ', 100000000000008.0)
('placeHolder10 ', 100000000000009.0)
('placeHolder1 ', 100000000000000.0)
('placeHolder2 ', 100000000000001.0)
('placeHolder3 ', 100000000000002.0)
('placeHolder4 ', 100000000000003.0)
('placeHolder5 ', 100000000000004.0)
('placeHolder6 ', 100000000000005.0)
('placeHolder7 ', 100000000000006.0)
('placeHolder8 ', 100000000000007.0)
('placeHolder9 ', 100000000000008.0)
('placeHolder10 ', 100000000000009.0)
('placeHolder1 ', 100000000000000.0)
('placeHolder2 ', 100000000000001.0)
('placeHolder3 ', 100000000000002.0)
('placeHolder4 ', 100000000000003.0)
('placeHolder5 ', 100000000000004.0)
('placeHolder6 ', 100000000000005.0)
('placeHolder7 ', 100000000000006.0)
('placeHolder8 ', 100000000000007.0)
('placeHolder9 ', 100000000000008.0)
('placeHolder10 ', 100000000000009.0)
('placeHolder1 ', 100000000000000.0)
('placeHolder2 ', 100000000000001.0)
('placeHolder3 ', 100000000000002.0)
('placeHolder4 ', 100000000000003.0)
('placeHolder5 ', 100000000000004.0)
('placeHolder6 ', 100000000000005.0)
('placeHolder7 ', 100000000000006.0)
('placeHolder8 ', 100000000000007.0)
('placeHolder9 ', 100000000000008.0)
('placeHolder10 ', 100000000000009.0)
('placeHolder1 ', 100000000000000.0)
('placeHolder2 ', 100000000000001.0)
('placeHolder3 ', 100000000000002.0)
('placeHolder4 ', 100000000000003.0)
('placeHolder5 ', 100000000000004.0)
('placeHolder6 ', 100000000000005.0)
('placeHolder7 ', 100000000000006.0)
('placeHolder8 ', 100000000000007.0)
('placeHolder9 ', 100000000000008.0)
('placeHolder10 ', 100000000000009.0)
('placeHolder1 ', 100000000000000.0)
('placeHolder2 ', 100000000000001.0)
('placeHolder3 ', 100000000000002.0)
('placeHolder4 ', 100000000000003.0)
('placeHolder5 ', 100000000000004.0)
('placeHolder6 ', 100000000000005.0)
('placeHolder7 ', 100000000000006.0)
('placeHolder8 ', 100000000000007.0)
('placeHolder9 ', 100000000000008.0)
('placeHolder10 ', 100000000000009.0)
('Jay ', 27.12487554550171)
('placeHolder1 ', 100000000000000.0)
('placeHolder2 ', 100000000000001.0)
('placeHolder3 ', 100000000000002.0)
('placeHolder4 ', 100000000000003.0)
('placeHolder5 ', 100000000000004.0)
('placeHolder6 ', 100000000000005.0)
('placeHolder7 ', 100000000000006.0)
('placeHolder8 ', 100000000000007.0)
('placeHolder9 ', 100000000000008.0)
('placeHolder10 ', 100000000000009.0)
('dsfg ', 6.740500450134277)
('Jay ', 27.12487554550171)
('placeHolder1 ', 100000000000000.0)
('placeHolder2 ', 100000000000001.0)
('placeHolder3 ', 100000000000002.0)
('placeHolder4 ', 100000000000003.0)
('placeHolder5 ', 100000000000004.0)
('placeHolder6 ', 100000000000005.0)
('placeHolder7 ', 100000000000006.0)
('placeHolder8 ', 100000000000007.0)
('placeHolder9 ', 100000000000008.0)
('placeHolder10 ', 100000000000009.0)
('dsfg ', 6.740500450134277)
('Jay ', 27.12487554550171)
('sdki ', 31.471354722976685)
('rtiyhg ', 48.12045478820801)
('dsfhg ', 57.261874198913574)
('testset ', 60.46685194969177)
('sf ', 64.35178136825562)
('placeHolder1 ', 100000000000000.0)
('placeHolder2 ', 100000000000001.0)
('placeHolder3 ', 100000000000002.0)
('placeHolder4 ', 100000000000003.0)
('placeHolder5 ', 100000000000004.0)
('placeHolder6 ', 100000000000005.0)
('placeHolder7 ', 100000000000006.0)
('placeHolder8 ', 100000000000007.0)
('placeHolder9 ', 100000000000008.0)
('placeHolder10 ', 100000000000009.0)
('dsfg ', 6.740500450134277)
('teset2 ', 23.92480707168579)
('Jay ', 27.12487554550171)
('sdki ', 31.471354722976685)
('tesety ', 31.64429020881653)
('anothertesey ', 39.13466739654541)
('rtiyhg ', 48.12045478820801)
('fdghj ', 54.142194747924805)
('dsfhg ', 57.261874198913574)
('testset ', 60.46685194969177)
('sf ', 64.35178136825562)
('placeHolder1 ', 100000000000000.0)
('placeHolder2 ', 100000000000001.0)
('placeHolder3 ', 100000000000002.0)
('placeHolder4 ', 100000000000003.0)
('placeHolder5 ', 100000000000004.0)
('placeHolder6 ', 100000000000005.0)
('placeHolder7 ', 100000000000006.0)
('placeHolder8 ', 100000000000007.0)
('placeHolder9 ', 100000000000008.0)
('placeHolder10 ', 100000000000009.0)
('dsfg ', 6.740500450134277)
('teset2 ', 23.92480707168579)
('Jay ', 27.12487554550171)
('sdki ', 31.471354722976685)
('tesety ', 31.64429020881653)
('anothertesey ', 39.13466739654541)
('rtiyhg ', 48.12045478820801)
('fdghj ', 54.142194747924805)
('dsfhg ', 57.261874198913574)
('testset ', 60.46685194969177)
('sf ', 64.35178136825562)
('placeHolder1 ', 100000000000000.0)
('placeHolder2 ', 100000000000001.0)
('placeHolder3 ', 100000000000002.0)
('placeHolder4 ', 100000000000003.0)
('placeHolder5 ', 100000000000004.0)
('placeHolder6 ', 100000000000005.0)
('placeHolder7 ', 100000000000006.0)
('placeHolder8 ', 100000000000007.0)
('placeHolder9 ', 100000000000008.0)
('placeHolder10 ', 100000000000009.0)
('dsfg ', 6.740500450134277)
('teset2 ', 23.92480707168579)
('Jay ', 27.12487554550171)
('sdki ', 31.471354722976685)
('tesety ', 31.64429020881653)
('anothertesey ', 39.13466739654541)
('rtiyhg ', 48.12045478820801)
('fdghj ', 54.142194747924805)
('dsfhg ', 57.261874198913574)
('testset ', 60.46685194969177)
('sf ', 64.35178136825562)
('placeHolder1 ', 100000000000000.0)
('placeHolder2 ', 100000000000001.0)
('placeHolder3 ', 100000000000002.0)
('placeHolder4 ', 100000000000003.0)
('placeHolder5 ', 100000000000004.0)
('placeHolder6 ', 100000000000005.0)
('placeHolder7 ', 100000000000006.0)
('placeHolder8 ', 100000000000007.0)
('placeHolder9 ', 100000000000008.0)
('placeHolder10 ', 100000000000009.0)
('dsfg ', 6.740500450134277)
('teset2 ', 23.92480707168579)
('Jay ', 27.12487554550171)
('sdki ', 31.471354722976685)
('tesety ', 31.64429020881653)
('anothertesey ', 39.13466739654541)
('rtiyhg ', 48.12045478820801)
('fdghj ', 54.142194747924805)
('dsfhg ', 57.261874198913574)
('testset ', 60.46685194969177)
('sf ', 64.35178136825562)
('placeHolder1 ', 100000000000000.0)
('placeHolder2 ', 100000000000001.0)
('placeHolder3 ', 100000000000002.0)
('placeHolder4 ', 100000000000003.0)
('placeHolder5 ', 100000000000004.0)
('placeHolder6 ', 100000000000005.0)
('placeHolder7 ', 100000000000006.0)
('placeHolder8 ', 100000000000007.0)
('placeHolder9 ', 100000000000008.0)
('placeHolder10 ', 100000000000009.0)
('Jay ', 27.12487554550171)
('placeHolder1 ', 100000000000000.0)
('placeHolder2 ', 100000000000001.0)
('placeHolder3 ', 100000000000002.0)
('placeHolder4 ', 100000000000003.0)
('placeHolder5 ', 100000000000004.0)
('placeHolder6 ', 100000000000005.0)
('placeHolder7 ', 100000000000006.0)
('placeHolder8 ', 100000000000007.0)
('placeHolder9 ', 100000000000008.0)
('placeHolder10 ', 100000000000009.0)
('dsf ', 1.245314598083496)
('Jay ', 27.12487554550171)
('placeHolder1 ', 100000000000000.0)
('placeHolder2 ', 100000000000001.0)
('placeHolder3 ', 100000000000002.0)
('placeHolder4 ', 100000000000003.0)
('placeHolder5 ', 100000000000004.0)
('placeHolder6 ', 100000000000005.0)
('placeHolder7 ', 100000000000006.0)
('placeHolder8 ', 100000000000007.0)
('placeHolder9 ', 100000000000008.0)
('placeHolder10 ', 100000000000009.0)
('dsf ', 1.245314598083496)
('Red ', 25.89177107810974)
('Jay ', 27.12487554550171)
('placeHolder1 ', 100000000000000.0)
('placeHolder2 ', 100000000000001.0)
('placeHolder3 ', 100000000000002.0)
('placeHolder4 ', 100000000000003.0)
('placeHolder5 ', 100000000000004.0)
('placeHolder6 ', 100000000000005.0)
('placeHolder7 ', 100000000000006.0)
('placeHolder8 ', 100000000000007.0)
('placeHolder9 ', 100000000000008.0)
('placeHolder10 ', 100000000000009.0)
('dsf ', 1.245314598083496)
('Red ', 25.89177107810974)
('Jay ', 27.12487554550171)
('placeHolder1 ', 100000000000000.0)
('placeHolder2 ', 100000000000001.0)
('placeHolder3 ', 100000000000002.0)
('placeHolder4 ', 100000000000003.0)
('placeHolder5 ', 100000000000004.0)
('placeHolder6 ', 100000000000005.0)
('placeHolder7 ', 100000000000006.0)
('placeHolder8 ', 100000000000007.0)
('placeHolder9 ', 100000000000008.0)
('placeHolder10 ', 100000000000009.0)
('dsf ', 1.245314598083496)
('Red ', 25.89177107810974)
('Jay ', 27.12487554550171)
('placeHolder1 ', 100000000000000.0)
('placeHolder2 ', 100000000000001.0)
('placeHolder3 ', 100000000000002.0)
('placeHolder4 ', 100000000000003.0)
('placeHolder5 ', 100000000000004.0)
('placeHolder6 ', 100000000000005.0)
('placeHolder7 ', 100000000000006.0)
('placeHolder8 ', 100000000000007.0)
('placeHolder9 ', 100000000000008.0)
('placeHolder10 ', 100000000000009.0)
('dsf ', 1.245314598083496)
('Red ', 25.89177107810974)
('Jay ', 27.12487554550171)
('placeHolder1 ', 100000000000000.0)
('placeHolder2 ', 100000000000001.0)
('placeHolder3 ', 100000000000002.0)
('placeHolder4 ', 100000000000003.0)
('placeHolder5 ', 100000000000004.0)
('placeHolder6 ', 100000000000005.0)
('placeHolder7 ', 100000000000006.0)
('placeHolder8 ', 100000000000007.0)
('placeHolder9 ', 100000000000008.0)
('placeHolder10 ', 100000000000009.0)
('dsf ', 1.245314598083496)
('Red ', 25.89177107810974)
('Jay ', 27.12487554550171)
('Red1 ', 53.55708694458008)
('placeHolder1 ', 100000000000000.0)
('placeHolder2 ', 100000000000001.0)
('placeHolder3 ', 100000000000002.0)
('placeHolder4 ', 100000000000003.0)
('placeHolder5 ', 100000000000004.0)
('placeHolder6 ', 100000000000005.0)
('placeHolder7 ', 100000000000006.0)
('placeHolder8 ', 100000000000007.0)
('placeHolder9 ', 100000000000008.0)
('placeHolder10 ', 100000000000009.0)
('dsf ', 1.245314598083496)
('Red ', 25.89177107810974)
('Jay ', 27.12487554550171)
('Red2 ', 32.65806698799133)
('Red1 ', 53.55708694458008)
('placeHolder1 ', 100000000000000.0)
('placeHolder2 ', 100000000000001.0)
('placeHolder3 ', 100000000000002.0)
('placeHolder4 ', 100000000000003.0)
('placeHolder5 ', 100000000000004.0)
('placeHolder6 ', 100000000000005.0)
('placeHolder7 ', 100000000000006.0)
('placeHolder8 ', 100000000000007.0)
('placeHolder9 ', 100000000000008.0)
('placeHolder10 ', 100000000000009.0)
('dsf ', 1.245314598083496)
('Red ', 25.89177107810974)
('Jay ', 27.12487554550171)
('Red2 ', 32.65806698799133)
('Red3 ', 43.346439361572266)
('Red1 ', 53.55708694458008)
('placeHolder1 ', 100000000000000.0)
('placeHolder2 ', 100000000000001.0)
('placeHolder3 ', 100000000000002.0)
('placeHolder4 ', 100000000000003.0)
('placeHolder5 ', 100000000000004.0)
('placeHolder6 ', 100000000000005.0)
('placeHolder7 ', 100000000000006.0)
('placeHolder8 ', 100000000000007.0)
('placeHolder9 ', 100000000000008.0)
('placeHolder10 ', 100000000000009.0)
('dsf ', 1.245314598083496)
('Red ', 25.89177107810974)
('Jay ', 27.12487554550171)
('Red2 ', 32.65806698799133)
('Red3 ', 43.346439361572266)
('Red4 ', 51.548226833343506)
('Red1 ', 53.55708694458008)
('placeHolder1 ', 100000000000000.0)
('placeHolder2 ', 100000000000001.0)
('placeHolder3 ', 100000000000002.0)
('placeHolder4 ', 100000000000003.0)
('placeHolder5 ', 100000000000004.0)
('placeHolder6 ', 100000000000005.0)
('placeHolder7 ', 100000000000006.0)
('placeHolder8 ', 100000000000007.0)
('placeHolder9 ', 100000000000008.0)
('placeHolder10 ', 100000000000009.0)
('dsf ', 1.245314598083496)
('Red ', 25.89177107810974)
('Jay ', 27.12487554550171)
('Red2 ', 32.65806698799133)
('Red3 ', 43.346439361572266)
('Red4 ', 51.548226833343506)
('Red1 ', 53.55708694458008)
('really ', 63.10450220108032)
('placeHolder1 ', 100000000000000.0)
('placeHolder2 ', 100000000000001.0)
('placeHolder3 ', 100000000000002.0)
('placeHolder4 ', 100000000000003.0)
('placeHolder5 ', 100000000000004.0)
('placeHolder6 ', 100000000000005.0)
('placeHolder7 ', 100000000000006.0)
('placeHolder8 ', 100000000000007.0)
('placeHolder9 ', 100000000000008.0)
('placeHolder10 ', 100000000000009.0)
('dsf ', 1.245314598083496)
('Red ', 25.89177107810974)
('Jay ', 27.12487554550171)
('Red2 ', 32.65806698799133)
('will it work ', 42.45893883705139)
('Red3 ', 43.346439361572266)
('Red4 ', 51.548226833343506)
('Red1 ', 53.55708694458008)
('really ', 63.10450220108032)
('placeHolder1 ', 100000000000000.0)
('placeHolder2 ', 100000000000001.0)
('placeHolder3 ', 100000000000002.0)
('placeHolder4 ', 100000000000003.0)
('placeHolder5 ', 100000000000004.0)
('placeHolder6 ', 100000000000005.0)
('placeHolder7 ', 100000000000006.0)
('placeHolder8 ', 100000000000007.0)
('placeHolder9 ', 100000000000008.0)
('placeHolder10 ', 100000000000009.0)
('dsf ', 1.245314598083496)
('Red ', 25.89177107810974)
('Jay ', 27.12487554550171)
('Red2 ', 32.65806698799133)
('will it work ', 42.45893883705139)
('Red3 ', 43.346439361572266)
('Red4 ', 51.548226833343506)
('Red1 ', 53.55708694458008)
('work ', 55.05125331878662)
('really ', 63.10450220108032)
('placeHolder1 ', 100000000000000.0)
('placeHolder2 ', 100000000000001.0)
('placeHolder3 ', 100000000000002.0)
('placeHolder4 ', 100000000000003.0)
('placeHolder5 ', 100000000000004.0)
('placeHolder6 ', 100000000000005.0)
('placeHolder7 ', 100000000000006.0)
('placeHolder8 ', 100000000000007.0)
('placeHolder9 ', 100000000000008.0)
('placeHolder10 ', 100000000000009.0)
('dsf ', 1.245314598083496)
('Red ', 25.89177107810974)
('Jay ', 27.12487554550171)
('Red2 ', 32.65806698799133)
('will it work ', 42.45893883705139)
('Red3 ', 43.346439361572266)
('Red4 ', 51.548226833343506)
('Red1 ', 53.55708694458008)
('work ', 55.05125331878662)
('really ', 63.10450220108032)
('come on ', 63.5640869140625)
('placeHolder1 ', 100000000000000.0)
('placeHolder2 ', 100000000000001.0)
('placeHolder3 ', 100000000000002.0)
('placeHolder4 ', 100000000000003.0)
('placeHolder5 ', 100000000000004.0)
('placeHolder6 ', 100000000000005.0)
('placeHolder7 ', 100000000000006.0)
('placeHolder8 ', 100000000000007.0)
('placeHolder9 ', 100000000000008.0)
('placeHolder10 ', 100000000000009.0)
('dsf ', 1.245314598083496)
('Red ', 25.89177107810974)
('Jay ', 27.12487554550171)
('Red2 ', 32.65806698799133)
('will it work ', 42.45893883705139)
('vaavavavava ', 43.29490828514099)
('Red3 ', 43.346439361572266)
('Red4 ', 51.548226833343506)
('Red1 ', 53.55708694458008)
('work ', 55.05125331878662)
('really ', 63.10450220108032)
('come on ', 63.5640869140625)
('placeHolder1 ', 100000000000000.0)
('placeHolder2 ', 100000000000001.0)
('placeHolder3 ', 100000000000002.0)
('placeHolder4 ', 100000000000003.0)
('placeHolder5 ', 100000000000004.0)
('placeHolder6 ', 100000000000005.0)
('placeHolder7 ', 100000000000006.0)
('placeHolder8 ', 100000000000007.0)
('placeHolder9 ', 100000000000008.0)
('placeHolder10 ', 100000000000009.0)
('Red ', 25.89177107810974)
('Jay ', 27.12487554550171)
('val ', 122.0227062702179)
('placeHolder1 ', 100000000000000.0)
('placeHolder2 ', 100000000000001.0)
('placeHolder3 ', 100000000000002.0)
('placeHolder4 ', 100000000000003.0)
('placeHolder5 ', 100000000000004.0)
('placeHolder6 ', 100000000000005.0)
('placeHolder7 ', 100000000000006.0)
('placeHolder8 ', 100000000000007.0)
('placeHolder9 ', 100000000000008.0)
('placeHolder10 ', 100000000000009.0)
('Red ', 25.89177107810974)
('Jay ', 27.12487554550171)
('Jordan ', 74.18299794197083)
('val ', 122.0227062702179)
('placeHolder1 ', 100000000000000.0)
('placeHolder2 ', 100000000000001.0)
('placeHolder3 ', 100000000000002.0)
('placeHolder4 ', 100000000000003.0)
('placeHolder5 ', 100000000000004.0)
('placeHolder6 ', 100000000000005.0)
('placeHolder7 ', 100000000000006.0)
('placeHolder8 ', 100000000000007.0)
('placeHolder9 ', 100000000000008.0)
('placeHolder10 ', 100000000000009.0)
('Red ', 25.89177107810974)
('Jay ', 27.12487554550171)
('Jordan ', 74.18299794197083)
('val ', 122.0227062702179)
('placeHolder1 ', 100000000000000.0)
('placeHolder2 ', 100000000000001.0)
('placeHolder3 ', 100000000000002.0)
('placeHolder4 ', 100000000000003.0)
('placeHolder5 ', 100000000000004.0)
('placeHolder6 ', 100000000000005.0)
('placeHolder7 ', 100000000000006.0)
('placeHolder8 ', 100000000000007.0)
('placeHolder9 ', 100000000000008.0)
('placeHolder10 ', 100000000000009.0)
('Red ', 25.89177107810974)
('Jay ', 27.12487554550171)
('more tests ', 51.375813245773315)
('Jordan ', 74.18299794197083)
('val ', 122.0227062702179)
('placeHolder1 ', 100000000000000.0)
('placeHolder2 ', 100000000000001.0)
('placeHolder3 ', 100000000000002.0)
('placeHolder4 ', 100000000000003.0)
('placeHolder5 ', 100000000000004.0)
('placeHolder6 ', 100000000000005.0)
('placeHolder7 ', 100000000000006.0)
('placeHolder8 ', 100000000000007.0)
('placeHolder9 ', 100000000000008.0)
('placeHolder10 ', 100000000000009.0)
('Red ', 25.89177107810974)
('Jay ', 27.12487554550171)
('more tests ', 51.375813245773315)
('Jordan ', 74.18299794197083)
('val ', 122.0227062702179)
('placeHolder1 ', 100000000000000.0)
('placeHolder2 ', 100000000000001.0)
('placeHolder3 ', 100000000000002.0)
('placeHolder4 ', 100000000000003.0)
('placeHolder5 ', 100000000000004.0)
('placeHolder6 ', 100000000000005.0)
('placeHolder7 ', 100000000000006.0)
('placeHolder8 ', 100000000000007.0)
('placeHolder9 ', 100000000000008.0)
('placeHolder10 ', 100000000000009.0)
('Red ', 25.89177107810974)
('Jay ', 27.12487554550171)
('more more ore ', 42.04041028022766)
('more tests ', 51.375813245773315)
('Jordan ', 74.18299794197083)
('val ', 122.0227062702179)
('placeHolder1 ', 100000000000000.0)
('placeHolder2 ', 100000000000001.0)
('placeHolder3 ', 100000000000002.0)
('placeHolder4 ', 100000000000003.0)
('placeHolder5 ', 100000000000004.0)
('placeHolder6 ', 100000000000005.0)
('placeHolder7 ', 100000000000006.0)
('placeHolder8 ', 100000000000007.0)
('placeHolder9 ', 100000000000008.0)
('placeHolder10 ', 100000000000009.0)
('Red ', 25.89177107810974)
('Jay ', 27.12487554550171)
('treytyu ', 38.49417161941528)
('more more ore ', 42.04041028022766)
('more tests ', 51.375813245773315)
('Jordan ', 74.18299794197083)
('val ', 122.0227062702179)
('placeHolder1 ', 100000000000000.0)
('placeHolder2 ', 100000000000001.0)
('placeHolder3 ', 100000000000002.0)
('placeHolder4 ', 100000000000003.0)
('placeHolder5 ', 100000000000004.0)
('placeHolder6 ', 100000000000005.0)
('placeHolder7 ', 100000000000006.0)
('placeHolder8 ', 100000000000007.0)
('placeHolder9 ', 100000000000008.0)
('placeHolder10 ', 100000000000009.0)
('Red ', 25.89177107810974)
('Jay ', 27.12487554550171)
('treytyu ', 38.49417161941528)
('more more ore ', 42.04041028022766)
('more tests ', 51.375813245773315)
('haha ', 52.53602647781372)
('Jordan ', 74.18299794197083)
('val ', 122.0227062702179)
('placeHolder1 ', 100000000000000.0)
('placeHolder2 ', 100000000000001.0)
('placeHolder3 ', 100000000000002.0)
('placeHolder4 ', 100000000000003.0)
('placeHolder5 ', 100000000000004.0)
('placeHolder6 ', 100000000000005.0)
('placeHolder7 ', 100000000000006.0)
('placeHolder8 ', 100000000000007.0)
('placeHolder9 ', 100000000000008.0)
('placeHolder10 ', 100000000000009.0)
('Red ', 25.89177107810974)
('Jay ', 27.12487554550171)
('treytyu ', 38.49417161941528)
('more more ore ', 42.04041028022766)
('jkljkljkl ', 42.45139479637146)
('more tests ', 51.375813245773315)
('haha ', 52.53602647781372)
('Jordan ', 74.18299794197083)
('val ', 122.0227062702179)
('placeHolder1 ', 100000000000000.0)
('placeHolder2 ', 100000000000001.0)
('placeHolder3 ', 100000000000002.0)
('placeHolder4 ', 100000000000003.0)
('placeHolder5 ', 100000000000004.0)
('placeHolder6 ', 100000000000005.0)
('placeHolder7 ', 100000000000006.0)
('placeHolder8 ', 100000000000007.0)
('placeHolder9 ', 100000000000008.0)
('placeHolder10 ', 100000000000009.0)
('Red ', 25.89177107810974)
('Jay ', 27.12487554550171)
('treytyu ', 38.49417161941528)
('more more ore ', 42.04041028022766)
('jkljkljkl ', 42.45139479637146)
('opoppo ', 47.42896389961243)
('more tests ', 51.375813245773315)
('haha ', 52.53602647781372)
('Jordan ', 74.18299794197083)
('val ', 122.0227062702179)
('placeHolder1 ', 100000000000000.0)
('placeHolder2 ', 100000000000001.0)
('placeHolder3 ', 100000000000002.0)
('placeHolder4 ', 100000000000003.0)
('placeHolder5 ', 100000000000004.0)
('placeHolder6 ', 100000000000005.0)
('placeHolder7 ', 100000000000006.0)
('placeHolder8 ', 100000000000007.0)
('placeHolder9 ', 100000000000008.0)
('placeHolder10 ', 100000000000009.0)
('Red ', 25.89177107810974)
('Jay ', 27.12487554550171)
('treytyu ', 38.49417161941528)
('more more ore ', 42.04041028022766)
('jkljkljkl ', 42.45139479637146)
('opoppo ', 47.42896389961243)
('more tests ', 51.375813245773315)
('haha ', 52.53602647781372)
('Jordan ', 74.18299794197083)
('val ', 122.0227062702179)
('placeHolder1 ', 100000000000000.0)
('placeHolder2 ', 100000000000001.0)
('placeHolder3 ', 100000000000002.0)
('placeHolder4 ', 100000000000003.0)
('placeHolder5 ', 100000000000004.0)
('placeHolder6 ', 100000000000005.0)
('placeHolder7 ', 100000000000006.0)
('placeHolder8 ', 100000000000007.0)
('placeHolder9 ', 100000000000008.0)
('placeHolder10 ', 100000000000009.0)
('Red ', 25.89177107810974)
('Jay ', 27.12487554550171)
('treytyu ', 38.49417161941528)
('more more ore ', 42.04041028022766)
('jkljkljkl ', 42.45139479637146)
('opoppo ', 47.42896389961243)
('more tests ', 51.375813245773315)
('haha ', 52.53602647781372)
('Jordan ', 74.18299794197083)
('qwerty ', 102.1335780620575)
('val ', 122.0227062702179)
('placeHolder1 ', 100000000000000.0)
('placeHolder2 ', 100000000000001.0)
('placeHolder3 ', 100000000000002.0)
('placeHolder4 ', 100000000000003.0)
('placeHolder5 ', 100000000000004.0)
('placeHolder6 ', 100000000000005.0)
('placeHolder7 ', 100000000000006.0)
('placeHolder8 ', 100000000000007.0)
('placeHolder9 ', 100000000000008.0)
('placeHolder10 ', 100000000000009.0)
('Red ', 25.89177107810974)
('Jay ', 27.12487554550171)
('obi wan ', 33.93587875366211)
('treytyu ', 38.49417161941528)
('more more ore ', 42.04041028022766)
('jkljkljkl ', 42.45139479637146)
('opoppo ', 47.42896389961243)
('more tests ', 51.375813245773315)
('haha ', 52.53602647781372)
('Jordan ', 74.18299794197083)
('qwerty ', 102.1335780620575)
('val ', 122.0227062702179)
('placeHolder1 ', 100000000000000.0)
('placeHolder2 ', 100000000000001.0)
('placeHolder3 ', 100000000000002.0)
('placeHolder4 ', 100000000000003.0)
('placeHolder5 ', 100000000000004.0)
('placeHolder6 ', 100000000000005.0)
('placeHolder7 ', 100000000000006.0)
('placeHolder8 ', 100000000000007.0)
('placeHolder9 ', 100000000000008.0)
('placeHolder10 ', 100000000000009.0)
('Red ', 25.89177107810974)
('Jay ', 27.12487554550171)
('obi wan ', 33.93587875366211)
('treytyu ', 38.49417161941528)
('more more ore ', 42.04041028022766)
('jkljkljkl ', 42.45139479637146)
('opoppo ', 47.42896389961243)
('test ', 47.52250909805298)
('more tests ', 51.375813245773315)
('haha ', 52.53602647781372)
('Jordan ', 74.18299794197083)
('qwerty ', 102.1335780620575)
('val ', 122.0227062702179)
('placeHolder1 ', 100000000000000.0)
('placeHolder2 ', 100000000000001.0)
('placeHolder3 ', 100000000000002.0)
('placeHolder4 ', 100000000000003.0)
('placeHolder5 ', 100000000000004.0)
('placeHolder6 ', 100000000000005.0)
('placeHolder7 ', 100000000000006.0)
('placeHolder8 ', 100000000000007.0)
('placeHolder9 ', 100000000000008.0)
('placeHolder10 ', 100000000000009.0)
('testy testy ', 22.43801474571228)
('Red ', 25.89177107810974)
('Jay ', 27.12487554550171)
('obi wan ', 33.93587875366211)
('treytyu ', 38.49417161941528)
('more more ore ', 42.04041028022766)
('jkljkljkl ', 42.45139479637146)
('opoppo ', 47.42896389961243)
('test ', 47.52250909805298)
('more tests ', 51.375813245773315)
('haha ', 52.53602647781372)
('Jordan ', 74.18299794197083)
('qwerty ', 102.1335780620575)
('val ', 122.0227062702179)
('placeHolder1 ', 100000000000000.0)
('placeHolder2 ', 100000000000001.0)
('placeHolder3 ', 100000000000002.0)
('placeHolder4 ', 100000000000003.0)
('placeHolder5 ', 100000000000004.0)
('placeHolder6 ', 100000000000005.0)
('placeHolder7 ', 100000000000006.0)
('placeHolder8 ', 100000000000007.0)
('placeHolder9 ', 100000000000008.0)
('placeHolder10 ', 100000000000009.0)
('testy testy ', 22.43801474571228)
('Red ', 25.89177107810974)
('Jay ', 27.12487554550171)
('obi wan ', 33.93587875366211)
('treytyu ', 38.49417161941528)
('more more ore ', 42.04041028022766)
('jkljkljkl ', 42.45139479637146)
('More testy shit ', 43.24869918823242)
('opoppo ', 47.42896389961243)
('test ', 47.52250909805298)
('more tests ', 51.375813245773315)
('haha ', 52.53602647781372)
('Jordan ', 74.18299794197083)
('qwerty ', 102.1335780620575)
('val ', 122.0227062702179)
('placeHolder1 ', 100000000000000.0)
('placeHolder2 ', 100000000000001.0)
('placeHolder3 ', 100000000000002.0)
('placeHolder4 ', 100000000000003.0)
('placeHolder5 ', 100000000000004.0)
('placeHolder6 ', 100000000000005.0)
('placeHolder7 ', 100000000000006.0)
('placeHolder8 ', 100000000000007.0)
('placeHolder9 ', 100000000000008.0)
('placeHolder10 ', 100000000000009.0)
('testy testy ', 22.43801474571228)
('Red ', 25.89177107810974)
('Jay ', 27.12487554550171)
('obi wan ', 33.93587875366211)
('treytyu ', 38.49417161941528)
('more more ore ', 42.04041028022766)
('jkljkljkl ', 42.45139479637146)
('More testy shit ', 43.24869918823242)
('opoppo ', 47.42896389961243)
('test ', 47.52250909805298)
('more tests ', 51.375813245773315)
('haha ', 52.53602647781372)
('Jordan ', 74.18299794197083)
('qwerty ', 102.1335780620575)
('val ', 122.0227062702179)
('placeHolder1 ', 100000000000000.0)
('placeHolder2 ', 100000000000001.0)
('placeHolder3 ', 100000000000002.0)
('placeHolder4 ', 100000000000003.0)
('placeHolder5 ', 100000000000004.0)
('placeHolder6 ', 100000000000005.0)
('placeHolder7 ', 100000000000006.0)
('placeHolder8 ', 100000000000007.0)
('placeHolder9 ', 100000000000008.0)
('placeHolder10 ', 100000000000009.0)
('testy testy ', 22.43801474571228)
('testing shit ', 23.559673070907593)
('Red ', 25.89177107810974)
('Jay ', 27.12487554550171)
('obi wan ', 33.93587875366211)
('treytyu ', 38.49417161941528)
('more more ore ', 42.04041028022766)
('jkljkljkl ', 42.45139479637146)
('More testy shit ', 43.24869918823242)
('opoppo ', 47.42896389961243)
('test ', 47.52250909805298)
('more tests ', 51.375813245773315)
('haha ', 52.53602647781372)
('Jordan ', 74.18299794197083)
('qwerty ', 102.1335780620575)
('val ', 122.0227062702179)
('placeHolder1 ', 100000000000000.0)
('placeHolder2 ', 100000000000001.0)
('placeHolder3 ', 100000000000002.0)
('placeHolder4 ', 100000000000003.0)
('placeHolder5 ', 100000000000004.0)
('placeHolder6 ', 100000000000005.0)
('placeHolder7 ', 100000000000006.0)
('placeHolder8 ', 100000000000007.0)
('placeHolder9 ', 100000000000008.0)
('placeHolder10 ', 100000000000009.0)
('Red ', 25.89177107810974)
('Jay ', 27.12487554550171)
('Jason ', 45.17637228965759)
('Testy ', 51.03043580055237)
('Testing ', 62.10007905960083)
('Jordan ', 74.18299794197083)
('val ', 122.0227062702179)
('placeHolder1 ', 100000000000000.0)
('placeHolder2 ', 100000000000001.0)
('placeHolder3 ', 100000000000002.0)
('placeHolder4 ', 100000000000003.0)
('placeHolder5 ', 100000000000004.0)
('placeHolder6 ', 100000000000005.0)
('placeHolder7 ', 100000000000006.0)
('placeHolder8 ', 100000000000007.0)
('placeHolder9 ', 100000000000008.0)
('placeHolder10 ', 100000000000009.0)
('Red ', 25.89177107810974)
('Jay ', 27.12487554550171)
('I cant spell ', 42.5884006023407)
('Jason ', 45.17637228965759)
('Testy ', 51.03043580055237)
('Testing ', 62.10007905960083)
('Jordan ', 74.18299794197083)
('val ', 122.0227062702179)
('placeHolder1 ', 100000000000000.0)
('placeHolder2 ', 100000000000001.0)
('placeHolder3 ', 100000000000002.0)
('placeHolder4 ', 100000000000003.0)
('placeHolder5 ', 100000000000004.0)
('placeHolder6 ', 100000000000005.0)
('placeHolder7 ', 100000000000006.0)
('placeHolder8 ', 100000000000007.0)
('placeHolder9 ', 100000000000008.0)
('placeHolder10 ', 100000000000009.0)
('Red ', 25.89177107810974)
('Jay ', 27.12487554550171)
('I cant spell ', 42.5884006023407)
('Jason ', 45.17637228965759)
('Testy ', 51.03043580055237)
('lol ', 56.86351943016052)
('Testing ', 62.10007905960083)
('Jordan ', 74.18299794197083)
('val ', 122.0227062702179)
('placeHolder1 ', 100000000000000.0)
('placeHolder2 ', 100000000000001.0)
('placeHolder3 ', 100000000000002.0)
('placeHolder4 ', 100000000000003.0)
('placeHolder5 ', 100000000000004.0)
('placeHolder6 ', 100000000000005.0)
('placeHolder7 ', 100000000000006.0)
('placeHolder8 ', 100000000000007.0)
('placeHolder9 ', 100000000000008.0)
('placeHolder10 ', 100000000000009.0)
('Red ', 25.89177107810974)
('Jay ', 27.12487554550171)
('Tocantins ', 29.93583393096924)
('I cant spell ', 42.5884006023407)
('Jason ', 45.17637228965759)
('Testy ', 51.03043580055237)
('lol ', 56.86351943016052)
('Testing ', 62.10007905960083)
('Jordan ', 74.18299794197083)
('val ', 122.0227062702179)
('placeHolder1 ', 100000000000000.0)
('placeHolder2 ', 100000000000001.0)
('placeHolder3 ', 100000000000002.0)
('placeHolder4 ', 100000000000003.0)
('placeHolder5 ', 100000000000004.0)
('placeHolder6 ', 100000000000005.0)
('placeHolder7 ', 100000000000006.0)
('placeHolder8 ', 100000000000007.0)
('placeHolder9 ', 100000000000008.0)
('placeHolder10 ', 100000000000009.0)
('Red ', 25.89177107810974)
('Jay ', 27.12487554550171)
('Tocantins ', 29.93583393096924)
('I cant spell ', 42.5884006023407)
('Jason ', 45.17637228965759)
('Testy ', 51.03043580055237)
('lol ', 56.86351943016052)
('Testing ', 62.10007905960083)
('Jordan ', 74.18299794197083)
('val ', 122.0227062702179)
('placeHolder1 ', 100000000000000.0)
('placeHolder2 ', 100000000000001.0)
('placeHolder3 ', 100000000000002.0)
('placeHolder4 ', 100000000000003.0)
('placeHolder5 ', 100000000000004.0)
('placeHolder6 ', 100000000000005.0)
('placeHolder7 ', 100000000000006.0)
('placeHolder8 ', 100000000000007.0)
('placeHolder9 ', 100000000000008.0)
('placeHolder10 ', 100000000000009.0)
('Red ', 25.89177107810974)
('Jay ', 27.12487554550171)
('Tocantins ', 29.93583393096924)
('I cant spell ', 42.5884006023407)
('Jason ', 45.17637228965759)
('Testy ', 51.03043580055237)
('lol ', 56.86351943016052)
('Testing ', 62.10007905960083)
('Jordan ', 74.18299794197083)
('val ', 122.0227062702179)
('placeHolder1 ', 100000000000000.0)
('placeHolder2 ', 100000000000001.0)
('placeHolder3 ', 100000000000002.0)
('placeHolder4 ', 100000000000003.0)
('placeHolder5 ', 100000000000004.0)
('placeHolder6 ', 100000000000005.0)
('placeHolder7 ', 100000000000006.0)
('placeHolder8 ', 100000000000007.0)
('placeHolder9 ', 100000000000008.0)
('placeHolder10 ', 100000000000009.0)
('sadffgg ', 5.725805759429932)
('Red ', 25.89177107810974)
('Jay ', 27.12487554550171)
('Tocantins ', 29.93583393096924)
('I cant spell ', 42.5884006023407)
('Jason ', 45.17637228965759)
('Testy ', 51.03043580055237)
('lol ', 56.86351943016052)
('Testing ', 62.10007905960083)
('Jordan ', 74.18299794197083)
('val ', 122.0227062702179)
('placeHolder1 ', 100000000000000.0)
('placeHolder2 ', 100000000000001.0)
('placeHolder3 ', 100000000000002.0)
('placeHolder4 ', 100000000000003.0)
('placeHolder5 ', 100000000000004.0)
('placeHolder6 ', 100000000000005.0)
('placeHolder7 ', 100000000000006.0)
('placeHolder8 ', 100000000000007.0)
('placeHolder9 ', 100000000000008.0)
('placeHolder10 ', 100000000000009.0)
('sadffgg ', 5.725805759429932)
('Red ', 25.89177107810974)
('Jay ', 27.12487554550171)
('Tocantins ', 29.93583393096924)
('I cant spell ', 42.5884006023407)
('Jason ', 45.17637228965759)
('Testy ', 51.03043580055237)
('lol ', 56.86351943016052)
('Testing ', 62.10007905960083)
('Jordan ', 74.18299794197083)
('val ', 122.0227062702179)
('placeHolder1 ', 100000000000000.0)
('placeHolder2 ', 100000000000001.0)
('placeHolder3 ', 100000000000002.0)
('placeHolder4 ', 100000000000003.0)
('placeHolder5 ', 100000000000004.0)
('placeHolder6 ', 100000000000005.0)
('placeHolder7 ', 100000000000006.0)
('placeHolder8 ', 100000000000007.0)
('placeHolder9 ', 100000000000008.0)
('placeHolder10 ', 100000000000009.0)
('sadffgg ', 5.725805759429932)
('Red ', 25.89177107810974)
('Jay ', 27.12487554550171)
('Tocantins ', 29.93583393096924)
('I cant spell ', 42.5884006023407)
('Jason ', 45.17637228965759)
('Testy ', 51.03043580055237)
('lol ', 56.86351943016052)
('Testing ', 62.10007905960083)
('Jordan ', 74.18299794197083)
('val ', 122.0227062702179)
('placeHolder1 ', 100000000000000.0)
('placeHolder2 ', 100000000000001.0)
('placeHolder3 ', 100000000000002.0)
('placeHolder4 ', 100000000000003.0)
('placeHolder5 ', 100000000000004.0)
('placeHolder6 ', 100000000000005.0)
('placeHolder7 ', 100000000000006.0)
('placeHolder8 ', 100000000000007.0)
('placeHolder9 ', 100000000000008.0)
('placeHolder10 ', 100000000000009.0)
('sadffgg ', 5.725805759429932)
('Red ', 25.89177107810974)
('Jay ', 27.12487554550171)
('Tocantins ', 29.93583393096924)
('I cant spell ', 42.5884006023407)
('Jason ', 45.17637228965759)
('Testy ', 51.03043580055237)
('lol ', 56.86351943016052)
('Testing ', 62.10007905960083)
('Jordan ', 74.18299794197083)
('val ', 122.0227062702179)
('placeHolder1 ', 100000000000000.0)
('placeHolder2 ', 100000000000001.0)
('placeHolder3 ', 100000000000002.0)
('placeHolder4 ', 100000000000003.0)
('placeHolder5 ', 100000000000004.0)
('placeHolder6 ', 100000000000005.0)
('placeHolder7 ', 100000000000006.0)
('placeHolder8 ', 100000000000007.0)
('placeHolder9 ', 100000000000008.0)
('placeHolder10 ', 100000000000009.0)
('sadffgg ', 5.725805759429932)
('Red ', 25.89177107810974)
('Jay ', 27.12487554550171)
('Tocantins ', 29.93583393096924)
('I cant spell ', 42.5884006023407)
('Jason ', 45.17637228965759)
('Testy ', 51.03043580055237)
('lol ', 56.86351943016052)
('Testing ', 62.10007905960083)
('Jordan ', 74.18299794197083)
('val ', 122.0227062702179)
('placeHolder1 ', 100000000000000.0)
('placeHolder2 ', 100000000000001.0)
('placeHolder3 ', 100000000000002.0)
('placeHolder4 ', 100000000000003.0)
('placeHolder5 ', 100000000000004.0)
('placeHolder6 ', 100000000000005.0)
('placeHolder7 ', 100000000000006.0)
('placeHolder8 ', 100000000000007.0)
('placeHolder9 ', 100000000000008.0)
('placeHolder10 ', 100000000000009.0)
('sadffgg ', 5.725805759429932)
('Red ', 25.89177107810974)
('Jay ', 27.12487554550171)
('Tocantins ', 29.93583393096924)
('I cant spell ', 42.5884006023407)
('Jason ', 45.17637228965759)
('Testy ', 51.03043580055237)
('lol ', 56.86351943016052)
('Testing ', 62.10007905960083)
('Jordan ', 74.18299794197083)
('val ', 122.0227062702179)
('placeHolder1 ', 100000000000000.0)
('placeHolder2 ', 100000000000001.0)
('placeHolder3 ', 100000000000002.0)
('placeHolder4 ', 100000000000003.0)
('placeHolder5 ', 100000000000004.0)
('placeHolder6 ', 100000000000005.0)
('placeHolder7 ', 100000000000006.0)
('placeHolder8 ', 100000000000007.0)
('placeHolder9 ', 100000000000008.0)
('placeHolder10 ', 100000000000009.0)
('sadffgg ', 5.725805759429932)
('Red ', 25.89177107810974)
('Jay ', 27.12487554550171)
('Tocantins ', 29.93583393096924)
('I cant spell ', 42.5884006023407)
('Jason ', 45.17637228965759)
('Testy ', 51.03043580055237)
('lol ', 56.86351943016052)
('Testing ', 62.10007905960083)
('Jordan ', 74.18299794197083)
('val ', 122.0227062702179)
('placeHolder1 ', 100000000000000.0)
('placeHolder2 ', 100000000000001.0)
('placeHolder3 ', 100000000000002.0)
('placeHolder4 ', 100000000000003.0)
('placeHolder5 ', 100000000000004.0)
('placeHolder6 ', 100000000000005.0)
('placeHolder7 ', 100000000000006.0)
('placeHolder8 ', 100000000000007.0)
('placeHolder9 ', 100000000000008.0)
('placeHolder10 ', 100000000000009.0)
('sadffgg ', 5.725805759429932)
('Red ', 25.89177107810974)
('Jay ', 27.12487554550171)
('Tocantins ', 29.93583393096924)
('I cant spell ', 42.5884006023407)
('Jason ', 45.17637228965759)
('Testy ', 51.03043580055237)
('lol ', 56.86351943016052)
('Testing ', 62.10007905960083)
('Jordan ', 74.18299794197083)
('val ', 122.0227062702179)
('placeHolder1 ', 100000000000000.0)
('placeHolder2 ', 100000000000001.0)
('placeHolder3 ', 100000000000002.0)
('placeHolder4 ', 100000000000003.0)
('placeHolder5 ', 100000000000004.0)
('placeHolder6 ', 100000000000005.0)
('placeHolder7 ', 100000000000006.0)
('placeHolder8 ', 100000000000007.0)
('placeHolder9 ', 100000000000008.0)
('placeHolder10 ', 100000000000009.0)
('sadffgg ', 5.725805759429932)
('Red ', 25.89177107810974)
('Jay ', 27.12487554550171)
('Tocantins ', 29.93583393096924)
('I cant spell ', 42.5884006023407)
('Jason ', 45.17637228965759)
('Testy ', 51.03043580055237)
('lol ', 56.86351943016052)
('Testing ', 62.10007905960083)
('Jordan ', 74.18299794197083)
('val ', 122.0227062702179)
('placeHolder1 ', 100000000000000.0)
('placeHolder2 ', 100000000000001.0)
('placeHolder3 ', 100000000000002.0)
('placeHolder4 ', 100000000000003.0)
('placeHolder5 ', 100000000000004.0)
('placeHolder6 ', 100000000000005.0)
('placeHolder7 ', 100000000000006.0)
('placeHolder8 ', 100000000000007.0)
('placeHolder9 ', 100000000000008.0)
('placeHolder10 ', 100000000000009.0)
('sadffgg ', 5.725805759429932)
('Red ', 25.89177107810974)
('Jay ', 27.12487554550171)
('Tocantins ', 29.93583393096924)
('I cant spell ', 42.5884006023407)
('Jason ', 45.17637228965759)
('Testy ', 51.03043580055237)
('lol ', 56.86351943016052)
('Testing ', 62.10007905960083)
('Jordan ', 74.18299794197083)
('val ', 122.0227062702179)
('placeHolder1 ', 100000000000000.0)
('placeHolder2 ', 100000000000001.0)
('placeHolder3 ', 100000000000002.0)
('placeHolder4 ', 100000000000003.0)
('placeHolder5 ', 100000000000004.0)
('placeHolder6 ', 100000000000005.0)
('placeHolder7 ', 100000000000006.0)
('placeHolder8 ', 100000000000007.0)
('placeHolder9 ', 100000000000008.0)
('placeHolder10 ', 100000000000009.0)
('sadffgg ', 5.725805759429932)
('Red ', 25.89177107810974)
('Jay ', 27.12487554550171)
('Tocantins ', 29.93583393096924)
('I cant spell ', 42.5884006023407)
('Jason ', 45.17637228965759)
('Testy ', 51.03043580055237)
('lol ', 56.86351943016052)
('Testing ', 62.10007905960083)
('Jordan ', 74.18299794197083)
('val ', 122.0227062702179)
('placeHolder1 ', 100000000000000.0)
('placeHolder2 ', 100000000000001.0)
('placeHolder3 ', 100000000000002.0)
('placeHolder4 ', 100000000000003.0)
('placeHolder5 ', 100000000000004.0)
('placeHolder6 ', 100000000000005.0)
('placeHolder7 ', 100000000000006.0)
('placeHolder8 ', 100000000000007.0)
('placeHolder9 ', 100000000000008.0)
('placeHolder10 ', 100000000000009.0)
('sadffgg ', 5.725805759429932)
('Red ', 25.89177107810974)
('Jay ', 27.12487554550171)
('Tocantins ', 29.93583393096924)
('I cant spell ', 42.5884006023407)
('Jason ', 45.17637228965759)
('Testy ', 51.03043580055237)
('lol ', 56.86351943016052)
('Testing ', 62.10007905960083)
('Jordan ', 74.18299794197083)
('val ', 122.0227062702179)
('placeHolder1 ', 100000000000000.0)
('placeHolder2 ', 100000000000001.0)
('placeHolder3 ', 100000000000002.0)
('placeHolder4 ', 100000000000003.0)
('placeHolder5 ', 100000000000004.0)
('placeHolder6 ', 100000000000005.0)
('placeHolder7 ', 100000000000006.0)
('placeHolder8 ', 100000000000007.0)
('placeHolder9 ', 100000000000008.0)
('placeHolder10 ', 100000000000009.0)
('sadffgg ', 5.725805759429932)
('Red ', 25.89177107810974)
('Jay ', 27.12487554550171)
('Tocantins ', 29.93583393096924)
('I cant spell ', 42.5884006023407)
('Jason ', 45.17637228965759)
('Testy ', 51.03043580055237)
('lol ', 56.86351943016052)
('Testing ', 62.10007905960083)
('Jordan ', 74.18299794197083)
('val ', 122.0227062702179)
('placeHolder1 ', 100000000000000.0)
('placeHolder2 ', 100000000000001.0)
('placeHolder3 ', 100000000000002.0)
('placeHolder4 ', 100000000000003.0)
('placeHolder5 ', 100000000000004.0)
('placeHolder6 ', 100000000000005.0)
('placeHolder7 ', 100000000000006.0)
('placeHolder8 ', 100000000000007.0)
('placeHolder9 ', 100000000000008.0)
('placeHolder10 ', 100000000000009.0)
('sadffgg ', 5.725805759429932)
('Red ', 25.89177107810974)
('Jay ', 27.12487554550171)
('Tocantins ', 29.93583393096924)
('I cant spell ', 42.5884006023407)
('Jason ', 45.17637228965759)
('Testy ', 51.03043580055237)
('lol ', 56.86351943016052)
('Testing ', 62.10007905960083)
('Jordan ', 74.18299794197083)
('val ', 122.0227062702179)
('placeHolder1 ', 100000000000000.0)
('placeHolder2 ', 100000000000001.0)
('placeHolder3 ', 100000000000002.0)
('placeHolder4 ', 100000000000003.0)
('placeHolder5 ', 100000000000004.0)
('placeHolder6 ', 100000000000005.0)
('placeHolder7 ', 100000000000006.0)
('placeHolder8 ', 100000000000007.0)
('placeHolder9 ', 100000000000008.0)
('placeHolder10 ', 100000000000009.0)
('sadffgg ', 5.725805759429932)
('Red ', 25.89177107810974)
('Jay ', 27.12487554550171)
('Tocantins ', 29.93583393096924)
('Remove after ', 32.45558571815491)
('I cant spell ', 42.5884006023407)
('Jason ', 45.17637228965759)
('Testy ', 51.03043580055237)
('lol ', 56.86351943016052)
('Testing ', 62.10007905960083)
('Jordan ', 74.18299794197083)
('val ', 122.0227062702179)
('placeHolder1 ', 100000000000000.0)
('placeHolder2 ', 100000000000001.0)
('placeHolder3 ', 100000000000002.0)
('placeHolder4 ', 100000000000003.0)
('placeHolder5 ', 100000000000004.0)
('placeHolder6 ', 100000000000005.0)
('placeHolder7 ', 100000000000006.0)
('placeHolder8 ', 100000000000007.0)
('placeHolder9 ', 100000000000008.0)
('placeHolder10 ', 100000000000009.0)
('sadffgg ', 5.725805759429932)
('Red ', 25.89177107810974)
('Jay ', 27.12487554550171)
('Tocantins ', 29.93583393096924)
('Remove after ', 32.45558571815491)
('I cant spell ', 42.5884006023407)
('Jason ', 45.17637228965759)
('Testy ', 51.03043580055237)
('lol ', 56.86351943016052)
('Testing ', 62.10007905960083)
('Jordan ', 74.18299794197083)
('val ', 122.0227062702179)
('placeHolder1 ', 100000000000000.0)
('placeHolder2 ', 100000000000001.0)
('placeHolder3 ', 100000000000002.0)
('placeHolder4 ', 100000000000003.0)
('placeHolder5 ', 100000000000004.0)
('placeHolder6 ', 100000000000005.0)
('placeHolder7 ', 100000000000006.0)
('placeHolder8 ', 100000000000007.0)
('placeHolder9 ', 100000000000008.0)
('placeHolder10 ', 100000000000009.0)
('sadffgg ', 5.725805759429932)
('Red ', 25.89177107810974)
('Jay ', 27.12487554550171)
('Tocantins ', 29.93583393096924)
('Remove after ', 32.45558571815491)
('I cant spell ', 42.5884006023407)
('Jason ', 45.17637228965759)
('Testy ', 51.03043580055237)
('lol ', 56.86351943016052)
('Testing ', 62.10007905960083)
('Jordan ', 74.18299794197083)
('val ', 122.0227062702179)
('placeHolder1 ', 100000000000000.0)
('placeHolder2 ', 100000000000001.0)
('placeHolder3 ', 100000000000002.0)
('placeHolder4 ', 100000000000003.0)
('placeHolder5 ', 100000000000004.0)
('placeHolder6 ', 100000000000005.0)
('placeHolder7 ', 100000000000006.0)
('placeHolder8 ', 100000000000007.0)
('placeHolder9 ', 100000000000008.0)
('placeHolder10 ', 100000000000009.0)
('sadffgg ', 5.725805759429932)
('Red ', 25.89177107810974)
('Jay ', 27.12487554550171)
('Tocantins ', 29.93583393096924)
('Remove after ', 32.45558571815491)
('I cant spell ', 42.5884006023407)
('Jason ', 45.17637228965759)
('Testy ', 51.03043580055237)
('lol ', 56.86351943016052)
('Testing ', 62.10007905960083)
('Jordan ', 74.18299794197083)
('val ', 122.0227062702179)
('placeHolder1 ', 100000000000000.0)
('placeHolder2 ', 100000000000001.0)
('placeHolder3 ', 100000000000002.0)
('placeHolder4 ', 100000000000003.0)
('placeHolder5 ', 100000000000004.0)
('placeHolder6 ', 100000000000005.0)
('placeHolder7 ', 100000000000006.0)
('placeHolder8 ', 100000000000007.0)
('placeHolder9 ', 100000000000008.0)
('placeHolder10 ', 100000000000009.0)
